<?xml version="1.0" encoding="UTF-8"?>
<!-- Generated by org.testng.reporters.JUnitReportReporter -->
<testsuite hostname="MSI" failures="0" tests="3" name="com.learnautomation.testcases.TestCaseWithoutFramework" time="15.342" errors="0" timestamp="2024-05-05T18:54:52 EDT" skipped="0">
  <testcase classname="com.learnautomation.testcases.TestCaseWithoutFramework" name="test1" time="5.088"/>
  <system-out/>
  <testcase classname="com.learnautomation.testcases.TestCaseWithoutFramework" name="IncorrectUsername" time="5.002"/>
  <system-out/>
  <testcase classname="com.learnautomation.testcases.TestCaseWithoutFramework" name="IncorrectPassword" time="5.252"/>
  <system-out/>
</testsuite> <!-- com.learnautomation.testcases.TestCaseWithoutFramework -->
