<?xml version="1.0" encoding="UTF-8"?>
<!-- Generated by org.testng.reporters.JUnitReportReporter -->
<testsuite hostname="MSI" failures="0" tests="1" name="com.learnautomation.testcases.TestCaseWithoutFramework" time="5.710" errors="0" timestamp="2024-05-04T17:33:16 EDT" skipped="0">
  <testcase classname="com.learnautomation.testcases.TestCaseWithoutFramework" name="test1" time="5.710"/>
  <system-out/>
</testsuite> <!-- com.learnautomation.testcases.TestCaseWithoutFramework -->
